Added Component: Designator=C65(CAP_C_1005X60)
Add component (AddParameter): Name = "Value"; Value = "33pF"; VariantName = "[No Variations]"
Added Component: Designator=C66(CAP_C_1005X60)
Add component (AddParameter): Name = "Value"; Value = "33pF"; VariantName = "[No Variations]"
Added Component: Designator=C67(CAP_C_1005X60)
Add component (AddParameter): Name = "Value"; Value = "33pF"; VariantName = "[No Variations]"
Added Component: Designator=C68(CAP_C_1005X60)
Add component (AddParameter): Name = "Value"; Value = "33pF"; VariantName = "[No Variations]"
Added Pin To Net: NetName=GND Pin=C65-1
Added Pin To Net: NetName=+1.8V Pin=C65-2
Added Pin To Net: NetName=GND Pin=C66-1
Added Pin To Net: NetName=+1.8V Pin=C66-2
Added Pin To Net: NetName=GND Pin=C67-1
Added Pin To Net: NetName=+1.8V Pin=C67-2
Added Pin To Net: NetName=GND Pin=C68-1
Added Pin To Net: NetName=+1.8V Pin=C68-2
Added Member To Class: ClassName=CONNECTOR Member=Component C65 0.22uF/16V
Added Member To Class: ClassName=CONNECTOR Member=Component C66 0.22uF/16V
Added Member To Class: ClassName=CONNECTOR Member=Component C67 0.22uF/16V
Added Member To Class: ClassName=CONNECTOR Member=Component C68 0.22uF/16V
