Removed Pin From Net: NetName=GND Pin=U8-6
Removed Pin From Net: NetName=GND Pin=U9-6
Removed Pin From Net: NetName=GND Pin=U10-6
Removed Pin From Net: NetName=GND Pin=U11-6
Removed Pin From Net: NetName=SEN0_1_SEL Pin=U17-6
Removed Pin From Net: NetName=SEN2_3_SEL Pin=U17-7
Removed Pin From Net: NetName=SEN_0_nOFF Pin=U17-10
Removed Pin From Net: NetName=SEN_1_nOFF Pin=U17-11
Removed Pin From Net: NetName=SEN_2_GPIO0 Pin=U17-13
Removed Pin From Net: NetName=SEN_3_GPIO0 Pin=U17-14
Removed Pin From Net: NetName=SEN_2_nOFF Pin=U17-19
Removed Pin From Net: NetName=SEN_3_nOFF Pin=U17-20
Added Pin To Net: NetName=SEN_2_GPIO0 Pin=U17-6
Added Pin To Net: NetName=SEN_3_GPIO0 Pin=U17-7
Added Pin To Net: NetName=SEN_0_nOFF Pin=U17-8
Added Pin To Net: NetName=SEN_1_nOFF Pin=U17-9
Added Pin To Net: NetName=SEN_2_nOFF Pin=U17-10
Added Pin To Net: NetName=SEN_3_nOFF Pin=U17-11
Added Pin To Net: NetName=SEN0_1_SEL Pin=U17-13
Added Pin To Net: NetName=SEN2_3_SEL Pin=U17-14
Added Pin To Net: NetName=SEN_0_CLK_nENA Pin=U8-6
Added Pin To Net: NetName=SEN_0_CLK_nENA Pin=U17-17
Added Net: Name=SEN_0_CLK_nENA
Added Pin To Net: NetName=SEN_1_CLK_nENA Pin=U9-6
Added Pin To Net: NetName=SEN_1_CLK_nENA Pin=U17-18
Added Net: Name=SEN_1_CLK_nENA
Added Pin To Net: NetName=SEN_2_CLK_nENA Pin=U10-6
Added Pin To Net: NetName=SEN_2_CLK_nENA Pin=U17-19
Added Net: Name=SEN_2_CLK_nENA
Added Pin To Net: NetName=SEN_3_CLK_nENA Pin=U11-6
Added Pin To Net: NetName=SEN_3_CLK_nENA Pin=U17-20
Added Net: Name=SEN_3_CLK_nENA
