Added Differential Pair: Name=CAM_CK
Added Differential Pair: Name=CAM_D0
Added Differential Pair: Name=CAM_D1
Added Differential Pair: Name=SEN0_1_CK
Added Differential Pair: Name=SEN0_1_D0
Added Differential Pair: Name=SEN0_1_D1
Add Differential Pair: Number of nets in differential pair SEN0_1_SEL is 1 instead of 2
Added Differential Pair: Name=SEN1_CK
Added Differential Pair: Name=SEN1_D0
Added Differential Pair: Name=SEN1_D1
Added Differential Pair: Name=SEN2_3_CK
Added Differential Pair: Name=SEN2_3_D0
Added Differential Pair: Name=SEN2_3_D1
Add Differential Pair: Number of nets in differential pair SEN2_3_SEL is 1 instead of 2
Added Differential Pair: Name=SEN2_CK
Added Differential Pair: Name=SEN2_D0
Added Differential Pair: Name=SEN2_D1
Added Differential Pair: Name=SEN3_CK
Added Differential Pair: Name=SEN3_D0
Added Differential Pair: Name=SEN3_D1
Added Member To Class: ClassName=DIFF100 Member=Wire CAM_CK_N
Added Member To Class: ClassName=DIFF100 Member=Wire CAM_CK_P
Added Member To Class: ClassName=DIFF100 Member=Wire CAM_D0_N
Added Member To Class: ClassName=DIFF100 Member=Wire CAM_D0_P
Added Member To Class: ClassName=DIFF100 Member=Wire CAM_D1_N
Added Member To Class: ClassName=DIFF100 Member=Wire CAM_D1_P
Added Member To Class: ClassName=DIFF100 Member=Wire SEN0_1_CK_N
Added Member To Class: ClassName=DIFF100 Member=Wire SEN0_1_CK_P
Added Member To Class: ClassName=DIFF100 Member=Wire SEN0_1_D0_N
Added Member To Class: ClassName=DIFF100 Member=Wire SEN0_1_D0_P
Added Member To Class: ClassName=DIFF100 Member=Wire SEN0_1_D1_N
Added Member To Class: ClassName=DIFF100 Member=Wire SEN0_1_D1_P
Added Member To Class: ClassName=DIFF100 Member=Wire SEN0_1_SEL
Added Member To Class: ClassName=DIFF100 Member=Wire SEN1_CK_N
Added Member To Class: ClassName=DIFF100 Member=Wire SEN1_CK_P
Added Member To Class: ClassName=DIFF100 Member=Wire SEN1_D0_N
Added Member To Class: ClassName=DIFF100 Member=Wire SEN1_D0_P
Added Member To Class: ClassName=DIFF100 Member=Wire SEN1_D1_N
Added Member To Class: ClassName=DIFF100 Member=Wire SEN1_D1_P
Added Member To Class: ClassName=DIFF100 Member=Wire SEN2_3_CK_N
Added Member To Class: ClassName=DIFF100 Member=Wire SEN2_3_CK_P
Added Member To Class: ClassName=DIFF100 Member=Wire SEN2_3_D0_N
Added Member To Class: ClassName=DIFF100 Member=Wire SEN2_3_D0_P
Added Member To Class: ClassName=DIFF100 Member=Wire SEN2_3_D1_N
Added Member To Class: ClassName=DIFF100 Member=Wire SEN2_3_D1_P
Added Member To Class: ClassName=DIFF100 Member=Wire SEN2_3_SEL
Added Member To Class: ClassName=DIFF100 Member=Wire SEN2_CK_N
Added Member To Class: ClassName=DIFF100 Member=Wire SEN2_CK_P
Added Member To Class: ClassName=DIFF100 Member=Wire SEN2_D0_N
Added Member To Class: ClassName=DIFF100 Member=Wire SEN2_D0_P
Added Member To Class: ClassName=DIFF100 Member=Wire SEN2_D1_N
Added Member To Class: ClassName=DIFF100 Member=Wire SEN2_D1_P
Added Member To Class: ClassName=DIFF100 Member=Wire SEN3_CK_N
Added Member To Class: ClassName=DIFF100 Member=Wire SEN3_CK_P
Added Member To Class: ClassName=DIFF100 Member=Wire SEN3_D0_N
Added Member To Class: ClassName=DIFF100 Member=Wire SEN3_D0_P
Added Member To Class: ClassName=DIFF100 Member=Wire SEN3_D1_N
Added Member To Class: ClassName=DIFF100 Member=Wire SEN3_D1_P
