Removed Pin From Net: NetName=SEN_0_GPIO0 Pin=U17-4
Removed Pin From Net: NetName=SEN_1_GPIO0 Pin=U17-5
Removed Pin From Net: NetName=SEN_2_GPIO0 Pin=U17-6
Removed Pin From Net: NetName=SEN_3_GPIO0 Pin=U17-7
Removed Pin From Net: NetName=SEN_0_nOFF Pin=U17-8
Removed Pin From Net: NetName=SEN_1_nOFF Pin=U17-9
Removed Pin From Net: NetName=SEN_2_nOFF Pin=U17-10
Removed Pin From Net: NetName=SEN_3_nOFF Pin=U17-11
Removed Pin From Net: NetName=SEN2_3_SEL Pin=U17-14
Removed Pin From Net: NetName=SEN01_23_SEL Pin=U17-15
Removed Pin From Net: NetName=SEN_0_CLK_nENA Pin=U17-17
Removed Pin From Net: NetName=SEN_1_CLK_nENA Pin=U17-18
Removed Pin From Net: NetName=SEN_2_CLK_nENA Pin=U17-19
Removed Pin From Net: NetName=SEN_3_CLK_nENA Pin=U17-20
Added Pin To Net: NetName=SEN_3_GPIO0 Pin=U17-4
Added Pin To Net: NetName=SEN_2_GPIO0 Pin=U17-5
Added Pin To Net: NetName=SEN_1_GPIO0 Pin=U17-6
Added Pin To Net: NetName=SEN_0_GPIO0 Pin=U17-7
Added Pin To Net: NetName=SEN_3_nOFF Pin=U17-8
Added Pin To Net: NetName=SEN_2_nOFF Pin=U17-9
Added Pin To Net: NetName=SEN_1_nOFF Pin=U17-10
Added Pin To Net: NetName=SEN_0_nOFF Pin=U17-11
Added Pin To Net: NetName=SEN01_23_SEL Pin=U17-14
Added Pin To Net: NetName=SEN2_3_SEL Pin=U17-15
Added Pin To Net: NetName=SEN_3_CLK_nENA Pin=U17-17
Added Pin To Net: NetName=SEN_2_CLK_nENA Pin=U17-18
Added Pin To Net: NetName=SEN_1_CLK_nENA Pin=U17-19
Added Pin To Net: NetName=SEN_0_CLK_nENA Pin=U17-20
