Removed Pin From Net: NetName=SEN_0_CLK Pin=J2-9
Removed Pin From Net: NetName=SEN_1_CLK Pin=J2-10
Removed Pin From Net: NetName=SEN_3_CLK Pin=J3-6
Removed Pin From Net: NetName=SEN_2_CLK Pin=J3-15
Added Component: Designator=C64(CAP_C_1005X60)
Add component (AddParameter): Name = "Value"; Value = "33pF"; VariantName = "[No Variations]"
Added Component: Designator=R2(RES_C_1005X40)
Add component (AddParameter): Name = "Class"; Value = "Passive"; VariantName = "[No Variations]"
Add component (AddParameter): Name = "Manufacturer"; Value = "Generic Components"; VariantName = "[No Variations]"
Add component (AddParameter): Name = "Published"; Value = "08/06/2000"; VariantName = "[No Variations]"
Add component (AddParameter): Name = "Publisher"; Value = "Altium Hobart Technology Centre"; VariantName = "[No Variations]"
Added Component: Designator=U8(SC-88)
Added Component: Designator=U9(SC-88)
Added Component: Designator=U10(SC-88)
Added Component: Designator=U11(SC-88)
Added Component: Designator=Y1(OSCDFN250X200X89-4N)
Added Pin To Net: NetName=GND Pin=C64-1
Added Pin To Net: NetName=+1.8V Pin=C64-2
Added Pin To Net: NetName=GND Pin=U8-2
Added Pin To Net: NetName=GND Pin=U8-3
Added Pin To Net: NetName=SEN_0_CLK Pin=U8-4
Added Pin To Net: NetName=+1.8V Pin=U8-5
Added Pin To Net: NetName=GND Pin=U8-6
Added Pin To Net: NetName=GND Pin=U9-2
Added Pin To Net: NetName=GND Pin=U9-3
Added Pin To Net: NetName=SEN_1_CLK Pin=U9-4
Added Pin To Net: NetName=+1.8V Pin=U9-5
Added Pin To Net: NetName=GND Pin=U9-6
Added Pin To Net: NetName=GND Pin=U10-2
Added Pin To Net: NetName=GND Pin=U10-3
Added Pin To Net: NetName=SEN_2_CLK Pin=U10-4
Added Pin To Net: NetName=+1.8V Pin=U10-5
Added Pin To Net: NetName=GND Pin=U10-6
Added Pin To Net: NetName=GND Pin=U11-2
Added Pin To Net: NetName=GND Pin=U11-3
Added Pin To Net: NetName=SEN_3_CLK Pin=U11-4
Added Pin To Net: NetName=+1.8V Pin=U11-5
Added Pin To Net: NetName=GND Pin=U11-6
Added Pin To Net: NetName=+1.8V Pin=Y1-1
Added Pin To Net: NetName=GND Pin=Y1-2
Added Pin To Net: NetName=+1.8V Pin=Y1-4
Added Pin To Net: NetName=NetR2_1 Pin=R2-1
Added Pin To Net: NetName=NetR2_1 Pin=U8-1
Added Pin To Net: NetName=NetR2_1 Pin=U9-1
Added Pin To Net: NetName=NetR2_1 Pin=U10-1
Added Pin To Net: NetName=NetR2_1 Pin=U11-1
Added Net: Name=NetR2_1
Added Pin To Net: NetName=NetR2_2 Pin=R2-2
Added Pin To Net: NetName=NetR2_2 Pin=Y1-3
Added Net: Name=NetR2_2
Added Member To Class: ClassName=CONNECTOR Member=Component C64 0.22uF/16V
Added Member To Class: ClassName=CONNECTOR Member=Component R2 22R
Added Member To Class: ClassName=CONNECTOR Member=Component U8 NL7SZ97DFT2G-Q
Added Member To Class: ClassName=CONNECTOR Member=Component U9 NL7SZ97DFT2G-Q
Added Member To Class: ClassName=CONNECTOR Member=Component U10 NL7SZ97DFT2G-Q
Added Member To Class: ClassName=CONNECTOR Member=Component U11 NL7SZ97DFT2G-Q
Added Member To Class: ClassName=CONNECTOR Member=Component Y1 DSC1001DL5-027.0000T
