Removed Pin From Net: NetName=GND Pin=J4-1
Removed Pin From Net: NetName=GND Pin=J5-1
Removed Pin From Net: NetName=GND Pin=J6-1
Removed Pin From Net: NetName=GND Pin=J7-1
Removed Pin From Net: NetName=GND Pin=J8-1
Removed Pin From Net: NetName=GND Pin=J9-1
Removed Pin From Net: NetName=GND Pin=J10-1
Removed Pin From Net: NetName=GND Pin=J11-1
Removed Pin From Net: NetName=+1.8V Pin=R2-1
Removed Pin From Net: NetName=+1.8V Pin=R3-1
Removed Pin From Net: NetName=+1.8V Pin=R4-1
Removed Pin From Net: NetName=+1.8V Pin=R5-1
Removed Pin From Net: NetName=+1.8V Pin=R6-1
Removed Pin From Net: NetName=SEN_0_nOFF Pin=R6-2
Removed Pin From Net: NetName=+1.8V Pin=R7-1
Removed Pin From Net: NetName=SEN_1_nOFF Pin=R7-2
Removed Pin From Net: NetName=+1.8V Pin=R9-1
Removed Pin From Net: NetName=SEN_2_nOFF Pin=R9-2
Removed Pin From Net: NetName=+1.8V Pin=R11-1
Removed Pin From Net: NetName=SEN_3_nOFF Pin=R11-2
Removed Pin From Net: NetName=CAM_CK_P Pin=U1-A6
Removed Pin From Net: NetName=CAM_D1_P Pin=U1-A7
Removed Pin From Net: NetName=CAM_D0_P Pin=U1-A8
Removed Pin From Net: NetName=CAM_CK_N Pin=U1-B6
Removed Pin From Net: NetName=CAM_D1_N Pin=U1-B7
Removed Pin From Net: NetName=CAM_D0_N Pin=U1-B8
Removed Pin From Net: NetName=CAM_CK_P Pin=U2-A6
Removed Pin From Net: NetName=CAM_D1_P Pin=U2-A7
Removed Pin From Net: NetName=CAM_D0_P Pin=U2-A8
Removed Pin From Net: NetName=CAM_CK_N Pin=U2-B6
Removed Pin From Net: NetName=CAM_D1_N Pin=U2-B7
Removed Pin From Net: NetName=CAM_D0_N Pin=U2-B8
Removed Pin From Net: NetName=CAM_CK_P Pin=U3-A6
Removed Pin From Net: NetName=CAM_D1_P Pin=U3-A7
Removed Pin From Net: NetName=CAM_D0_P Pin=U3-A8
Removed Pin From Net: NetName=CAM_CK_N Pin=U3-B6
Removed Pin From Net: NetName=CAM_D1_N Pin=U3-B7
Removed Pin From Net: NetName=CAM_D0_N Pin=U3-B8
Removed Pin From Net: NetName=CAM_CK_P Pin=U4-A6
Removed Pin From Net: NetName=CAM_D1_P Pin=U4-A7
Removed Pin From Net: NetName=CAM_D0_P Pin=U4-A8
Removed Pin From Net: NetName=CAM_CK_N Pin=U4-B6
Removed Pin From Net: NetName=CAM_D1_N Pin=U4-B7
Removed Pin From Net: NetName=CAM_D0_N Pin=U4-B8
Removed Member From Class: ClassName=POWER Member=H1
Removed Member From Class: ClassName=POWER Member=H2
Removed Member From Class: ClassName=POWER Member=H3
Removed Member From Class: ClassName=POWER Member=H4
Removed Member From Class: ClassName=POWER Member=H5
Removed Member From Class: ClassName=POWER Member=H6
Removed Member From Class: ClassName=POWER Member=J1
Removed Member From Class: ClassName=POWER Member=J2
Removed Member From Class: ClassName=POWER Member=J3
Removed Member From Class: ClassName=POWER Member=J4
Removed Member From Class: ClassName=POWER Member=J5
Removed Member From Class: ClassName=POWER Member=J6
Removed Member From Class: ClassName=POWER Member=J7
Removed Member From Class: ClassName=POWER Member=J8
Removed Member From Class: ClassName=POWER Member=J9
Removed Member From Class: ClassName=POWER Member=J10
Removed Member From Class: ClassName=POWER Member=J11
Removed Member From Class: ClassName=POWER Member=R2
Removed Member From Class: ClassName=POWER Member=R3
Removed Member From Class: ClassName=POWER Member=R4
Removed Member From Class: ClassName=POWER Member=R5
Removed Member From Class: ClassName=POWER Member=R6
Removed Member From Class: ClassName=POWER Member=R7
Removed Member From Class: ClassName=POWER Member=R9
Removed Member From Class: ClassName=POWER Member=R11
Removed Member From Class: ClassName=DIFF100 Member=CAM_CK_N
Removed Member From Class: ClassName=DIFF100 Member=CAM_CK_P
Removed Member From Class: ClassName=DIFF100 Member=CAM_D0_N
Removed Member From Class: ClassName=DIFF100 Member=CAM_D0_P
Removed Member From Class: ClassName=DIFF100 Member=CAM_D1_N
Removed Member From Class: ClassName=DIFF100 Member=CAM_D1_P
Added Component: Designator=C61(CAP_C_1005X60)
Add component (AddParameter): Name = "Value"; Value = "33pF"; VariantName = "[No Variations]"
Added Component: Designator=C62(CAP_C_1005X60)
Add component (AddParameter): Name = "Value"; Value = "33pF"; VariantName = "[No Variations]"
Added Component: Designator=C63(CAP_C_1005X60)
Add component (AddParameter): Name = "Value"; Value = "33pF"; VariantName = "[No Variations]"
Added Component: Designator=U5(PI3WVR626XEBEX_DIO)
Add component (AddParameter): Name = "Mfr_Name"; Value = "Diodes Inc"; VariantName = "[No Variations]"
Add component (AddParameter): Name = "RefDes"; Value = "RefDes"; VariantName = "[No Variations]"
Add component (AddParameter): Name = "Type"; Value = "Type"; VariantName = "[No Variations]"
Added Component: Designator=U6(PI3WVR626XEBEX_DIO)
Add component (AddParameter): Name = "Mfr_Name"; Value = "Diodes Inc"; VariantName = "[No Variations]"
Add component (AddParameter): Name = "RefDes"; Value = "RefDes"; VariantName = "[No Variations]"
Add component (AddParameter): Name = "Type"; Value = "Type"; VariantName = "[No Variations]"
Added Component: Designator=U7(PI3WVR626XEBEX_DIO)
Add component (AddParameter): Name = "Mfr_Name"; Value = "Diodes Inc"; VariantName = "[No Variations]"
Add component (AddParameter): Name = "RefDes"; Value = "RefDes"; VariantName = "[No Variations]"
Add component (AddParameter): Name = "Type"; Value = "Type"; VariantName = "[No Variations]"
Added Pin To Net: NetName=GND Pin=C61-1
Added Pin To Net: NetName=+1.8V Pin=C61-2
Added Pin To Net: NetName=GND Pin=C62-1
Added Pin To Net: NetName=+1.8V Pin=C62-2
Added Pin To Net: NetName=GND Pin=C63-1
Added Pin To Net: NetName=+1.8V Pin=C63-2
Added Pin To Net: NetName=GND Pin=J3-22
Added Pin To Net: NetName=GND Pin=U5-5
Added Pin To Net: NetName=GND Pin=U5-9
Added Pin To Net: NetName=+1.8V Pin=U5-18
Added Pin To Net: NetName=GND Pin=U5-21
Added Pin To Net: NetName=GND Pin=U5-24
Added Pin To Net: NetName=GND Pin=U5-25
Added Pin To Net: NetName=GND Pin=U6-5
Added Pin To Net: NetName=CAM_CK_P Pin=U6-6
Added Pin To Net: NetName=CAM_CK_N Pin=U6-7
Added Pin To Net: NetName=CAM_D0_P Pin=U6-8
Added Pin To Net: NetName=GND Pin=U6-9
Added Pin To Net: NetName=CAM_D0_N Pin=U6-10
Added Pin To Net: NetName=CAM_D1_P Pin=U6-11
Added Pin To Net: NetName=CAM_D1_N Pin=U6-12
Added Pin To Net: NetName=+1.8V Pin=U6-18
Added Pin To Net: NetName=GND Pin=U6-21
Added Pin To Net: NetName=GND Pin=U6-24
Added Pin To Net: NetName=GND Pin=U6-25
Added Pin To Net: NetName=GND Pin=U7-5
Added Pin To Net: NetName=GND Pin=U7-9
Added Pin To Net: NetName=+1.8V Pin=U7-18
Added Pin To Net: NetName=GND Pin=U7-21
Added Pin To Net: NetName=GND Pin=U7-24
Added Pin To Net: NetName=GND Pin=U7-25
Added Pin To Net: NetName=SEN0_1_CK_N Pin=U5-7
Added Pin To Net: NetName=SEN0_1_CK_N Pin=U6-2
Added Net: Name=SEN0_1_CK_N
Added Pin To Net: NetName=SEN0_1_CK_P Pin=U5-6
Added Pin To Net: NetName=SEN0_1_CK_P Pin=U6-4
Added Net: Name=SEN0_1_CK_P
Added Pin To Net: NetName=SEN0_1_D0_N Pin=U5-10
Added Pin To Net: NetName=SEN0_1_D0_N Pin=U6-20
Added Net: Name=SEN0_1_D0_N
Added Pin To Net: NetName=SEN0_1_D0_P Pin=U5-8
Added Pin To Net: NetName=SEN0_1_D0_P Pin=U6-23
Added Net: Name=SEN0_1_D0_P
Added Pin To Net: NetName=SEN0_1_D1_N Pin=U5-12
Added Pin To Net: NetName=SEN0_1_D1_N Pin=U6-15
Added Net: Name=SEN0_1_D1_N
Added Pin To Net: NetName=SEN0_1_D1_P Pin=U5-11
Added Pin To Net: NetName=SEN0_1_D1_P Pin=U6-17
Added Net: Name=SEN0_1_D1_P
Added Pin To Net: NetName=SEN0_1_SEL Pin=J2-19
Added Pin To Net: NetName=SEN0_1_SEL Pin=U5-13
Added Net: Name=SEN0_1_SEL
Added Pin To Net: NetName=SEN0_CK_N Pin=U1-B6
Added Pin To Net: NetName=SEN0_CK_N Pin=U5-2
Added Net: Name=SEN0_CK_N
Added Pin To Net: NetName=SEN0_CK_P Pin=U1-A6
Added Pin To Net: NetName=SEN0_CK_P Pin=U5-4
Added Net: Name=SEN0_CK_P
Added Pin To Net: NetName=SEN0_D0_N Pin=U1-B8
Added Pin To Net: NetName=SEN0_D0_N Pin=U5-20
Added Net: Name=SEN0_D0_N
Added Pin To Net: NetName=SEN0_D0_P Pin=U1-A8
Added Pin To Net: NetName=SEN0_D0_P Pin=U5-23
Added Net: Name=SEN0_D0_P
Added Pin To Net: NetName=SEN0_D1_N Pin=U1-B7
Added Pin To Net: NetName=SEN0_D1_N Pin=U5-15
Added Net: Name=SEN0_D1_N
Added Pin To Net: NetName=SEN0_D1_P Pin=U1-A7
Added Pin To Net: NetName=SEN0_D1_P Pin=U5-17
Added Net: Name=SEN0_D1_P
Added Pin To Net: NetName=SEN01_23_SEL Pin=J3-16
Added Pin To Net: NetName=SEN01_23_SEL Pin=U6-13
Added Net: Name=SEN01_23_SEL
Added Pin To Net: NetName=SEN1_CK_N Pin=U2-B6
Added Pin To Net: NetName=SEN1_CK_N Pin=U5-1
Added Net: Name=SEN1_CK_N
Added Pin To Net: NetName=SEN1_CK_P Pin=U2-A6
Added Pin To Net: NetName=SEN1_CK_P Pin=U5-3
Added Net: Name=SEN1_CK_P
Added Pin To Net: NetName=SEN1_D0_N Pin=U2-B8
Added Pin To Net: NetName=SEN1_D0_N Pin=U5-19
Added Net: Name=SEN1_D0_N
Added Pin To Net: NetName=SEN1_D0_P Pin=U2-A8
Added Pin To Net: NetName=SEN1_D0_P Pin=U5-22
Added Net: Name=SEN1_D0_P
Added Pin To Net: NetName=SEN1_D1_N Pin=U2-B7
Added Pin To Net: NetName=SEN1_D1_N Pin=U5-14
Added Net: Name=SEN1_D1_N
Added Pin To Net: NetName=SEN1_D1_P Pin=U2-A7
Added Pin To Net: NetName=SEN1_D1_P Pin=U5-16
Added Net: Name=SEN1_D1_P
Added Pin To Net: NetName=SEN2_3_CK_N Pin=U6-1
Added Pin To Net: NetName=SEN2_3_CK_N Pin=U7-7
Added Net: Name=SEN2_3_CK_N
Added Pin To Net: NetName=SEN2_3_CK_P Pin=U6-3
Added Pin To Net: NetName=SEN2_3_CK_P Pin=U7-6
Added Net: Name=SEN2_3_CK_P
Added Pin To Net: NetName=SEN2_3_D0_N Pin=U6-19
Added Pin To Net: NetName=SEN2_3_D0_N Pin=U7-10
Added Net: Name=SEN2_3_D0_N
Added Pin To Net: NetName=SEN2_3_D0_P Pin=U6-22
Added Pin To Net: NetName=SEN2_3_D0_P Pin=U7-8
Added Net: Name=SEN2_3_D0_P
Added Pin To Net: NetName=SEN2_3_D1_N Pin=U6-14
Added Pin To Net: NetName=SEN2_3_D1_N Pin=U7-12
Added Net: Name=SEN2_3_D1_N
Added Pin To Net: NetName=SEN2_3_D1_P Pin=U6-16
Added Pin To Net: NetName=SEN2_3_D1_P Pin=U7-11
Added Net: Name=SEN2_3_D1_P
Added Pin To Net: NetName=SEN2_3_SEL Pin=J2-20
Added Pin To Net: NetName=SEN2_3_SEL Pin=U7-13
Added Net: Name=SEN2_3_SEL
Added Pin To Net: NetName=SEN2_CK_N Pin=U3-B6
Added Pin To Net: NetName=SEN2_CK_N Pin=U7-2
Added Net: Name=SEN2_CK_N
Added Pin To Net: NetName=SEN2_CK_P Pin=U3-A6
Added Pin To Net: NetName=SEN2_CK_P Pin=U7-4
Added Net: Name=SEN2_CK_P
Added Pin To Net: NetName=SEN2_D0_N Pin=U3-B8
Added Pin To Net: NetName=SEN2_D0_N Pin=U7-20
Added Net: Name=SEN2_D0_N
Added Pin To Net: NetName=SEN2_D0_P Pin=U3-A8
Added Pin To Net: NetName=SEN2_D0_P Pin=U7-23
Added Net: Name=SEN2_D0_P
Added Pin To Net: NetName=SEN2_D1_N Pin=U3-B7
Added Pin To Net: NetName=SEN2_D1_N Pin=U7-15
Added Net: Name=SEN2_D1_N
Added Pin To Net: NetName=SEN2_D1_P Pin=U3-A7
Added Pin To Net: NetName=SEN2_D1_P Pin=U7-17
Added Net: Name=SEN2_D1_P
Added Pin To Net: NetName=SEN3_CK_N Pin=U4-B6
Added Pin To Net: NetName=SEN3_CK_N Pin=U7-1
Added Net: Name=SEN3_CK_N
Added Pin To Net: NetName=SEN3_CK_P Pin=U4-A6
Added Pin To Net: NetName=SEN3_CK_P Pin=U7-3
Added Net: Name=SEN3_CK_P
Added Pin To Net: NetName=SEN3_D0_N Pin=U4-B8
Added Pin To Net: NetName=SEN3_D0_N Pin=U7-19
Added Net: Name=SEN3_D0_N
Added Pin To Net: NetName=SEN3_D0_P Pin=U4-A8
Added Pin To Net: NetName=SEN3_D0_P Pin=U7-22
Added Net: Name=SEN3_D0_P
Added Pin To Net: NetName=SEN3_D1_N Pin=U4-B7
Added Pin To Net: NetName=SEN3_D1_N Pin=U7-14
Added Net: Name=SEN3_D1_N
Added Pin To Net: NetName=SEN3_D1_P Pin=U4-A7
Added Pin To Net: NetName=SEN3_D1_P Pin=U7-16
Added Net: Name=SEN3_D1_P
Added Class: Name=CONNECTOR
Added Differential Pair: Name=SEN0_CK
Added Differential Pair: Name=SEN0_D0
Added Differential Pair: Name=SEN0_D1
Added Member To Class: ClassName=DIFF100 Member=Wire SEN0_CK_N
Added Member To Class: ClassName=DIFF100 Member=Wire SEN0_CK_P
Added Member To Class: ClassName=DIFF100 Member=Wire SEN0_D0_N
Added Member To Class: ClassName=DIFF100 Member=Wire SEN0_D0_P
Added Member To Class: ClassName=DIFF100 Member=Wire SEN0_D1_N
Added Member To Class: ClassName=DIFF100 Member=Wire SEN0_D1_P
